{
  level: 'error',
  message: 'joinUserToRoom, room: generalRoom that was\n' +
    '                requested by user: Y9DK5nBv_pGX9nZzAAAB not found',
  service: 'GeoChating server logger',
  timestamp: '07-11-2021 21:01:42'
}
{
  level: 'error',
  message: 'joinUserToRoom, room: generalRoom that was\n' +
    '                requested by user: Jj4p09YJ3RYQicbHAAAD not found',
  service: 'GeoChating server logger',
  timestamp: '07-11-2021 21:01:42'
}
{
  level: 'error',
  message: 'joinUserToRoom, room: generalRoom that was\n' +
    '                requested by user: SglVbwFWTe6ciLPZAAAF not found',
  service: 'GeoChating server logger',
  timestamp: '07-11-2021 21:02:27'
}
{
  level: 'error',
  message: 'joinUserToRoom, room: generalRoom that was\n' +
    '                requested by user: KUAvOyTGbWfynl1cAAAI not found',
  service: 'GeoChating server logger',
  timestamp: '07-11-2021 21:06:12'
}
{
  level: 'error',
  message: 'joinUserToRoom, room: generalRoom that was\n' +
    '                requested by user: STrnF4u4z5BB-JDQAAAJ not found',
  service: 'GeoChating server logger',
  timestamp: '07-11-2021 21:06:12'
}
{
  level: 'error',
  message: 'joinUserToRoom, room: generalRoom that was\n' +
    '                requested by user: qxVPAlQ3KS8n9RWnAAAN not found',
  service: 'GeoChating server logger',
  timestamp: '07-11-2021 21:08:20'
}
{
  level: 'error',
  message: 'joinUserToRoom, room: generalRoom that was\n' +
    '                requested by user: Iz-OC6f7mKaUFKHMAAAM not found',
  service: 'GeoChating server logger',
  timestamp: '07-11-2021 21:08:20'
}
{
  level: 'error',
  message: 'joinUserToRoom, room: generalRoom that was\n' +
    '                requested by user: 1k0wxd68wL5QtcQ2AAAR not found',
  service: 'GeoChating server logger',
  timestamp: '07-11-2021 21:08:24'
}
{
  level: 'error',
  message: 'joinUserToRoom, room: generalRoom that was\n' +
    '                requested by user: f8SAbmsT1ZB8dr6gAAAQ not found',
  service: 'GeoChating server logger',
  timestamp: '07-11-2021 21:08:24'
}
{
  level: 'error',
  message: 'Error: Error: getaddrinfo EAI_AGAIN postgres',
  service: 'GeoChating server logger',
  timestamp: '08-11-2021 20:04:19'
}
{
  level: 'error',
  message: 'db queries getAllUsers error: Error: Connection terminated',
  service: 'GeoChating server logger',
  timestamp: '08-11-2021 22:13:54'
}
{
  level: 'error',
  message: 'db queries getAllUsers error: Error: Connection terminated',
  service: 'GeoChating server logger',
  timestamp: '08-11-2021 22:14:44'
}
{
  level: 'error',
  message: 'db queries getAllUsers error: error: password authentication failed for user "odedindi"',
  service: 'GeoChating server logger',
  timestamp: '09-11-2021 11:21:00'
}
{
  level: 'error',
  message: 'db queries getAllUsers error: error: password authentication failed for user "odedindi"',
  service: 'GeoChating server logger',
  timestamp: '09-11-2021 11:22:17'
}
{
  level: 'error',
  message: 'db queries getAllUsers error: error: password authentication failed for user "odedindi"',
  service: 'GeoChating server logger',
  timestamp: '09-11-2021 11:22:52'
}
{
  level: 'error',
  message: 'db queries getAllUsers error: error: password authentication failed for user "odedindi"',
  service: 'GeoChating server logger',
  timestamp: '09-11-2021 11:23:59'
}
{
  level: 'error',
  message: 'db queries getAllUsers error: error: password authentication failed for user "odedindi"',
  service: 'GeoChating server logger',
  timestamp: '09-11-2021 11:25:00'
}
{
  level: 'error',
  message: 'db queries addMessage error: error: syntax error at or near "from"',
  service: 'GeoChating server logger',
  timestamp: '09-11-2021 22:47:31'
}
{
  level: 'error',
  message: 'db queries addMessage error: error: syntax error at or near "from"',
  service: 'GeoChating server logger',
  timestamp: '09-11-2021 23:54:44'
}
{
  level: 'error',
  message: 'db queries addMessage error: error: syntax error at or near "from"',
  service: 'GeoChating server logger',
  timestamp: '09-11-2021 23:57:55'
}
{
  level: 'error',
  message: 'db queries addMessage error: error: syntax error at or near "from"',
  service: 'GeoChating server logger',
  timestamp: '10-11-2021 00:00:50'
}
{
  level: 'error',
  message: 'db queries addMessage error: error: syntax error at or near "from"',
  service: 'GeoChating server logger',
  timestamp: '10-11-2021 00:17:40'
}
{
  level: 'error',
  message: 'db queries addMessage error: error: syntax error at or near "from"',
  service: 'GeoChating server logger',
  timestamp: '10-11-2021 20:32:29'
}
{
  level: 'error',
  message: 'prisma.controller main() Error:  Error: \n' +
    'Invalid `prisma.user.findMany()` invocation in\n' +
    '/home/odedindi/Desktop/coding/my_portfolio/GeoChat/GeoChat/server/src/controllers/prisma.controller.ts:8:37\n' +
    '\n' +
    '   5 \n' +
    '   6 export const main = async () => {\n' +
    '   7 \t// ... you will write your Prisma Client queries here\n' +
    '→  8     const users = await prisma.user.findMany(\n' +
    '  The table `public.User` does not exist in the current database.',
  service: 'GeoChating server logger',
  timestamp: '11-11-2021 16:26:12'
}
{
  level: 'error',
  message: 'prisma.controller main() Error:  Error: \n' +
    'Invalid `prisma.user.findMany()` invocation in\n' +
    '/home/odedindi/Desktop/coding/my_portfolio/GeoChat/GeoChat/server/src/controllers/prisma.controller.ts:8:37\n' +
    '\n' +
    '   5 \n' +
    '   6 export const main = async () => {\n' +
    '   7 \t// ... you will write your Prisma Client queries here\n' +
    '→  8     const users = await prisma.user.findMany(\n' +
    '  The table `public.User` does not exist in the current database.',
  service: 'GeoChating server logger',
  timestamp: '11-11-2021 16:26:12'
}
{
  level: 'error',
  message: 'prisma.controller main() Error:  Error: \n' +
    'Invalid `prisma.user.findMany()` invocation in\n' +
    '/home/odedindi/Desktop/coding/my_portfolio/GeoChat/GeoChat/server/src/controllers/prisma.controller.ts:8:37\n' +
    '\n' +
    '   5 \n' +
    '   6 export const main = async () => {\n' +
    '   7 \t// ... you will write your Prisma Client queries here\n' +
    '→  8     const users = await prisma.user.findMany(\n' +
    '  The table `public.User` does not exist in the current database.',
  service: 'GeoChating server logger',
  timestamp: '11-11-2021 16:26:53'
}
{
  level: 'error',
  message: 'prisma.controller main() Error:  Error: \n' +
    'Invalid `prisma.user.findMany()` invocation in\n' +
    '/home/odedindi/Desktop/coding/my_portfolio/GeoChat/GeoChat/server/src/controllers/prisma.controller.ts:8:37\n' +
    '\n' +
    '   5 \n' +
    '   6 export const main = async () => {\n' +
    '   7 \t// ... you will write your Prisma Client queries here\n' +
    '→  8     const users = await prisma.user.findMany(\n' +
    '  The table `public.User` does not exist in the current database.',
  service: 'GeoChating server logger',
  timestamp: '11-11-2021 16:30:45'
}
